22:46:52.964 skipping bootstrap configuration: could not find or read file: classpath:karate-config.js
22:46:53.194 preferred port 9515 not available, will use: 57047
22:47:04.168 request:
1 > POST http://localhost:57047/session
1 > Accept-Encoding: gzip,deflate
1 > Connection: Keep-Alive
1 > Content-Length: 57
1 > Content-Type: application/json; charset=UTF-8
1 > Host: localhost:57047
1 > User-Agent: Apache-HttpClient/4.5.11 (Java/14.0.2)
{"capabilities":{"alwaysMatch":{"browserName":"chrome"}}}

22:47:13.085 response time in milliseconds: 8893,54
1 < 200
1 < Content-Length: 717
1 < Content-Type: application/json; charset=utf-8
1 < cache-control: no-cache
{"value":{"capabilities":{"acceptInsecureCerts":false,"browserName":"chrome","browserVersion":"86.0.4240.193","chrome":{"chromedriverVersion":"86.0.4240.22 (398b0743353ff36fb1b82468f63a3a93b4e2e89e-refs/branch-heads/4240@{#378})","userDataDir":"C:\\Users\\ayseg\\AppData\\Local\\Temp\\scoped_dir14916_579870716"},"goog:chromeOptions":{"debuggerAddress":"localhost:57053"},"networkConnectionEnabled":false,"pageLoadStrategy":"normal","platformName":"windows","proxy":{},"setWindowRect":true,"strictFileInteractability":false,"timeouts":{"implicit":0,"pageLoad":300000,"script":30000},"unhandledPromptBehavior":"dismiss and notify","webauthn:virtualAuthenticators":true},"sessionId":"d7ea689e57ccc1d0bef8d586df4056b3"}}

22:47:13.089 init session id: d7ea689e57ccc1d0bef8d586df4056b3
22:47:13.097 request:
2 > GET http://localhost:57047/session/d7ea689e57ccc1d0bef8d586df4056b3/window
2 > Accept-Encoding: gzip,deflate
2 > Connection: Keep-Alive
2 > Host: localhost:57047
2 > User-Agent: Apache-HttpClient/4.5.11 (Java/14.0.2)

22:47:13.575 response time in milliseconds: 475,00
2 < 200
2 < Content-Length: 53
2 < Content-Type: application/json; charset=utf-8
2 < cache-control: no-cache
{"value":"CDwindow-D71E37C02053903C34E0BBF495B0416A"}

22:47:13.578 init window id: CDwindow-D71E37C02053903C34E0BBF495B0416A
22:47:13.901 request:
3 > POST http://localhost:57047/session/d7ea689e57ccc1d0bef8d586df4056b3/url
3 > Accept-Encoding: gzip,deflate
3 > Connection: Keep-Alive
3 > Content-Length: 36
3 > Content-Type: application/json; charset=UTF-8
3 > Host: localhost:57047
3 > User-Agent: Apache-HttpClient/4.5.11 (Java/14.0.2)
{"url":"https://room5.trivago.com/"}

22:47:27.175 response time in milliseconds: 13272,00
3 < 200
3 < Content-Length: 14
3 < Content-Type: application/json; charset=utf-8
3 < cache-control: no-cache
{"value":null}

22:47:27.458 request:
4 > POST http://localhost:57047/session/d7ea689e57ccc1d0bef8d586df4056b3/execute/sync
4 > Accept-Encoding: gzip,deflate
4 > Connection: Keep-Alive
4 > Content-Length: 129
4 > Content-Type: application/json; charset=UTF-8
4 > Host: localhost:57047
4 > User-Agent: Apache-HttpClient/4.5.11 (Java/14.0.2)
{"script":"return document.evaluate(\"//div[@class='search-icon']\", document, null, 9, null).singleNodeValue.click()","args":[]}

22:47:28.744 response time in milliseconds: 1285,29
4 < 200
4 < Content-Length: 14
4 < Content-Type: application/json; charset=utf-8
4 < cache-control: no-cache
{"value":null}

22:47:28.819 request:
5 > POST http://localhost:57047/session/d7ea689e57ccc1d0bef8d586df4056b3/element
5 > Accept-Encoding: gzip,deflate
5 > Connection: Keep-Alive
5 > Content-Length: 58
5 > Content-Type: application/json; charset=UTF-8
5 > Host: localhost:57047
5 > User-Agent: Apache-HttpClient/4.5.11 (Java/14.0.2)
{"using":"xpath","value":"//input[@placeholder='Search']"}

22:47:30.410 response time in milliseconds: 1590,09
5 < 200
5 < Content-Length: 88
5 < Content-Type: application/json; charset=utf-8
5 < cache-control: no-cache
{"value":{"element-6066-11e4-a52e-4f735466cecf":"7602cefe-a760-4d80-8cf5-79d955aa273d"}}

22:47:30.424 request:
6 > POST http://localhost:57047/session/d7ea689e57ccc1d0bef8d586df4056b3/element/7602cefe-a760-4d80-8cf5-79d955aa273d/value
6 > Accept-Encoding: gzip,deflate
6 > Connection: Keep-Alive
6 > Content-Length: 21
6 > Content-Type: application/json; charset=UTF-8
6 > Host: localhost:57047
6 > User-Agent: Apache-HttpClient/4.5.11 (Java/14.0.2)
{"text":"arizona"}

22:47:32.041 response time in milliseconds: 1565,17
6 < 200
6 < Content-Length: 14
6 < Content-Type: application/json; charset=utf-8
6 < cache-control: no-cache
{"value":null}

22:47:32.097 request:
7 > POST http://localhost:57047/session/d7ea689e57ccc1d0bef8d586df4056b3/execute/sync
7 > Accept-Encoding: gzip,deflate
7 > Connection: Keep-Alive
7 > Content-Length: 208
7 > Content-Type: application/json; charset=UTF-8
7 > Host: localhost:57047
7 > User-Agent: Apache-HttpClient/4.5.11 (Java/14.0.2)
{"script":"var e = document.evaluate(\"//div[@class='search-results']\", document, null, 9, null).singleNodeValue; e.focus(); try { e.selectionStart = e.selectionEnd = e.value.length } catch(x) {}","args":[]}

22:47:32.452 response time in milliseconds: 353,99
7 < 500
7 < Content-Length: 1068
7 < Content-Type: application/json; charset=utf-8
7 < cache-control: no-cache
{"value":{"error":"javascript error","message":"javascript error: Cannot read property 'focus' of null\n  (Session info: chrome=86.0.4240.193)","stacktrace":"Backtrace:\n\tOrdinal0 [0x00B5C013+3194899]\n\tOrdinal0 [0x00A46021+2056225]\n\tOrdinal0 [0x008DF608+587272]\n\tOrdinal0 [0x008E176E+595822]\n\tOrdinal0 [0x008E1673+595571]\n\tOrdinal0 [0x008E1D5D+597341]\n\tOrdinal0 [0x0088A30C+238348]\n\tOrdinal0 [0x0087FD73+195955]\n\tOrdinal0 [0x00889B22+236322]\n\tOrdinal0 [0x0087FC1B+195611]\n\tOrdinal0 [0x00863B7F+80767]\n\tOrdinal0 [0x00864B4E+84814]\n\tOrdinal0 [0x00864AD9+84697]\n\tOrdinal0 [0x00A5CE64+2149988]\n\tGetHandleVerifier [0x00CCBE95+1400773]\n\tGetHandleVerifier [0x00CCBB61+1399953]\n\tGetHandleVerifier [0x00CD31FA+1430314]\n\tGetHandleVerifier [0x00CCC69F+1402831]\n\tOrdinal0 [0x00A53D61+2112865]\n\tOrdinal0 [0x00A5E5CB+2155979]\n\tOrdinal0 [0x00A5E6F5+2156277]\n\tOrdinal0 [0x00A6F26E+2224750]\n\tBaseThreadInitThunk [0x76D1FA29+25]\n\tRtlGetAppContainerNamedObjectPath [0x773E75F4+228]\n\tRtlGetAppContainerNamedObjectPath [0x773E75C4+180]\n"}}

22:47:32.453 http response code: 500, response: {"value":{"stacktrace":"Backtrace:\n\tOrdinal0 [0x00B5C013+3194899]\n\tOrdinal0 [0x00A46021+2056225]\n\tOrdinal0 [0x008DF608+587272]\n\tOrdinal0 [0x008E176E+595822]\n\tOrdinal0 [0x008E1673+595571]\n\tOrdinal0 [0x008E1D5D+597341]\n\tOrdinal0 [0x0088A30C+238348]\n\tOrdinal0 [0x0087FD73+195955]\n\tOrdinal0 [0x00889B22+236322]\n\tOrdinal0 [0x0087FC1B+195611]\n\tOrdinal0 [0x00863B7F+80767]\n\tOrdinal0 [0x00864B4E+84814]\n\tOrdinal0 [0x00864AD9+84697]\n\tOrdinal0 [0x00A5CE64+2149988]\n\tGetHandleVerifier [0x00CCBE95+1400773]\n\tGetHandleVerifier [0x00CCBB61+1399953]\n\tGetHandleVerifier [0x00CD31FA+1430314]\n\tGetHandleVerifier [0x00CCC69F+1402831]\n\tOrdinal0 [0x00A53D61+2112865]\n\tOrdinal0 [0x00A5E5CB+2155979]\n\tOrdinal0 [0x00A5E6F5+2156277]\n\tOrdinal0 [0x00A6F26E+2224750]\n\tBaseThreadInitThunk [0x76D1FA29+25]\n\tRtlGetAppContainerNamedObjectPath [0x773E75F4+228]\n\tRtlGetAppContainerNamedObjectPath [0x773E75C4+180]\n","error":"javascript error","message":"javascript error: Cannot read property 'focus' of null\n  (Session info: chrome=86.0.4240.193)"}}, request: [method: POST, responseTime: 353.9859, body: {"script":"var e = document.evaluate(\"//div[@class='search-results']\", document, null, 9, null).singleNodeValue; e.focus(); try { e.selectionStart = e.selectionEnd = e.value.length } catch(x) {}","args":[]}]
22:47:32.457 javascript failed, will retry once: {"value":{"stacktrace":"Backtrace:\n\tOrdinal0 [0x00B5C013+3194899]\n\tOrdinal0 [0x00A46021+2056225]\n\tOrdinal0 [0x008DF608+587272]\n\tOrdinal0 [0x008E176E+595822]\n\tOrdinal0 [0x008E1673+595571]\n\tOrdinal0 [0x008E1D5D+597341]\n\tOrdinal0 [0x0088A30C+238348]\n\tOrdinal0 [0x0087FD73+195955]\n\tOrdinal0 [0x00889B22+236322]\n\tOrdinal0 [0x0087FC1B+195611]\n\tOrdinal0 [0x00863B7F+80767]\n\tOrdinal0 [0x00864B4E+84814]\n\tOrdinal0 [0x00864AD9+84697]\n\tOrdinal0 [0x00A5CE64+2149988]\n\tGetHandleVerifier [0x00CCBE95+1400773]\n\tGetHandleVerifier [0x00CCBB61+1399953]\n\tGetHandleVerifier [0x00CD31FA+1430314]\n\tGetHandleVerifier [0x00CCC69F+1402831]\n\tOrdinal0 [0x00A53D61+2112865]\n\tOrdinal0 [0x00A5E5CB+2155979]\n\tOrdinal0 [0x00A5E6F5+2156277]\n\tOrdinal0 [0x00A6F26E+2224750]\n\tBaseThreadInitThunk [0x76D1FA29+25]\n\tRtlGetAppContainerNamedObjectPath [0x773E75F4+228]\n\tRtlGetAppContainerNamedObjectPath [0x773E75C4+180]\n","error":"javascript error","message":"javascript error: Cannot read property 'focus' of null\n  (Session info: chrome=86.0.4240.193)"}}
22:47:35.481 request:
8 > POST http://localhost:57047/session/d7ea689e57ccc1d0bef8d586df4056b3/execute/sync
8 > Accept-Encoding: gzip,deflate
8 > Connection: Keep-Alive
8 > Content-Length: 208
8 > Content-Type: application/json; charset=UTF-8
8 > Host: localhost:57047
8 > User-Agent: Apache-HttpClient/4.5.11 (Java/14.0.2)
{"script":"var e = document.evaluate(\"//div[@class='search-results']\", document, null, 9, null).singleNodeValue; e.focus(); try { e.selectionStart = e.selectionEnd = e.value.length } catch(x) {}","args":[]}

22:47:35.515 response time in milliseconds: 33,23
8 < 200
8 < Content-Length: 14
8 < Content-Type: application/json; charset=utf-8
8 < cache-control: no-cache
{"value":null}

22:47:35.536 request:
9 > POST http://localhost:57047/session/d7ea689e57ccc1d0bef8d586df4056b3/execute/sync
9 > Accept-Encoding: gzip,deflate
9 > Connection: Keep-Alive
9 > Content-Length: 168
9 > Content-Type: application/json; charset=UTF-8
9 > Host: localhost:57047
9 > User-Agent: Apache-HttpClient/4.5.11 (Java/14.0.2)
{"script":"return document.evaluate(\"//span[text()='The Top 9 Memory Making Family Resorts in Arizona']\", document, null, 9, null).singleNodeValue.click()","args":[]}

22:47:45.300 response time in milliseconds: 9760,53
9 < 200
9 < Content-Length: 14
9 < Content-Type: application/json; charset=utf-8
9 < cache-control: no-cache
{"value":null}

22:47:45.351 request:
10 > GET http://localhost:57047/session/d7ea689e57ccc1d0bef8d586df4056b3/title
10 > Accept-Encoding: gzip,deflate
10 > Connection: Keep-Alive
10 > Host: localhost:57047
10 > User-Agent: Apache-HttpClient/4.5.11 (Java/14.0.2)

22:47:45.634 response time in milliseconds: 282,74
10 < 200
10 < Content-Length: 61
10 < Content-Type: application/json; charset=utf-8
10 < cache-control: no-cache
{"value":"The Top 9 Memory Making Family Resorts in Arizona"}

22:47:45.643 request:
11 > DELETE http://localhost:57047/session/d7ea689e57ccc1d0bef8d586df4056b3/window
11 > Accept-Encoding: gzip,deflate
11 > Connection: Keep-Alive
11 > Host: localhost:57047
11 > User-Agent: Apache-HttpClient/4.5.11 (Java/14.0.2)

22:47:46.048 response time in milliseconds: 404,98
11 < 200
11 < Content-Length: 12
11 < Content-Type: application/json; charset=utf-8
11 < cache-control: no-cache
{"value":[]}

22:47:46.051 request:
12 > DELETE http://localhost:57047/session/d7ea689e57ccc1d0bef8d586df4056b3
12 > Accept-Encoding: gzip,deflate
12 > Connection: Keep-Alive
12 > Host: localhost:57047
12 > User-Agent: Apache-HttpClient/4.5.11 (Java/14.0.2)

22:47:46.519 response time in milliseconds: 466,64
12 < 200
12 < Content-Length: 14
12 < Content-Type: application/json; charset=utf-8
12 < cache-control: no-cache
{"value":null}

nt-Length: 67
19 > Content-Type: application/json; charset=UTF-8
19 > Host: localhost:54038
19 > User-Agent: Apache-HttpClient/4.5.11 (Java/14.0.2)
{"script":"return //p[text()='You are now checked-in!']","args":[]}

19:27:10.484 response time in milliseconds: 23,80
19 < 200
19 < Content-Length: 14
19 < Content-Type: application/json; charset=utf-8
19 < cache-control: no-cache
{"value":null}

19:27:10.485 waitUntil (js) - retry #3
19:27:13.493 request:
20 > POST http://localhost:54038/session/9c053568942b3c9aa6c111ad7c042028/execute/sync
20 > Accept-Encoding: gzip,deflate
20 > Connection: Keep-Alive
20 > Content-Length: 67
20 > Content-Type: application/json; charset=UTF-8
20 > Host: localhost:54038
20 > User-Agent: Apache-HttpClient/4.5.11 (Java/14.0.2)
{"script":"return //p[text()='You are now checked-in!']","args":[]}

19:27:13.518 response time in milliseconds: 24,18
20 < 200
20 < Content-Length: 14
20 < Content-Type: application/json; charset=utf-8
20 < cache-control: no-cache
{"value":null}

19:27:13.519 failed after 3 retries and 9276 milliseconds
19:27:13.524 request:
21 > DELETE http://localhost:54038/session/9c053568942b3c9aa6c111ad7c042028/window
21 > Accept-Encoding: gzip,deflate
21 > Connection: Keep-Alive
21 > Host: localhost:54038
21 > User-Agent: Apache-HttpClient/4.5.11 (Java/14.0.2)

19:27:13.625 response time in milliseconds: 99,75
21 < 200
21 < Content-Length: 12
21 < Content-Type: application/json; charset=utf-8
21 < cache-control: no-cache
{"value":[]}

19:27:13.627 request:
22 > DELETE http://localhost:54038/session/9c053568942b3c9aa6c111ad7c042028
22 > Accept-Encoding: gzip,deflate
22 > Connection: Keep-Alive
22 > Host: localhost:54038
22 > User-Agent: Apache-HttpClient/4.5.11 (Java/14.0.2)

19:27:14.047 response time in milliseconds: 420,53
22 < 200
22 < Content-Length: 14
22 < Content-Type: application/json; charset=utf-8
22 < cache-control: no-cache
{"value":null}

value":null}

19:12:05.926 request:
10 > POST http://localhost:53497/session/b572a2888b29a0fd39eb3298571b4412/execute/sync
10 > Accept-Encoding: gzip,deflate
10 > Connection: Keep-Alive
10 > Content-Length: 168
10 > Content-Type: application/json; charset=UTF-8
10 > Host: localhost:53497
10 > User-Agent: Apache-HttpClient/4.5.11 (Java/14.0.2)
{"script":"return document.evaluate(\"//span[text()='The Top 9 Memory Making Family Resorts in Arizona']\", document, null, 9, null).singleNodeValue.click()","args":[]}

19:12:36.031 java.net.SocketTimeoutException: Read timed out, http call failed after 30104 milliseconds for URL: http://localhost:53497/session/b572a2888b29a0fd39eb3298571b4412/execute/sync
19:12:36.032 http request failed: 
java.net.SocketTimeoutException: Read timed out
19:12:36.038 request:
11 > DELETE http://localhost:53497/session/b572a2888b29a0fd39eb3298571b4412/execute/sync/window
11 > Accept-Encoding: gzip,deflate
11 > Connection: Keep-Alive
11 > Content-Length: 168
11 > Content-Type: application/json; charset=UTF-8
11 > Host: localhost:53497
11 > User-Agent: Apache-HttpClient/4.5.11 (Java/14.0.2)
{"script":"return document.evaluate(\"//span[text()='The Top 9 Memory Making Family Resorts in Arizona']\", document, null, 9, null).singleNodeValue.click()","args":[]}

19:12:36.045 response time in milliseconds: 5,25
11 < 404
11 < Content-Length: 908
11 < Content-Type: application/json; charset=utf-8
11 < cache-control: no-cache
{"value":{"error":"unknown command","message":"unknown command: unknown command: session/b572a2888b29a0fd39eb3298571b4412/execute/sync/window","stacktrace":"Backtrace:\n\tOrdinal0 [0x00B5C013+3194899]\n\tOrdinal0 [0x00A46021+2056225]\n\tOrdinal0 [0x008DF608+587272]\n\tOrdinal0 [0x0087E1FC+188924]\n\tOrdinal0 [0x0087DFDA+188378]\n\tOrdinal0 [0x00852027+8231]\n\tOrdinal0 [0x008524F6+9462]\n\tOrdinal0 [0x00852B81+11137]\n\tOrdinal0 [0x00A5CE64+2149988]\n\tGetHandleVerifier [0x00CCBE95+1400773]\n\tGetHandleVerifier [0x00CCBB61+1399953]\n\tGetHandleVerifier [0x00CD31FA+1430314]\n\tGetHandleVerifier [0x00CCC69F+1402831]\n\tOrdinal0 [0x00A53D61+2112865]\n\tOrdinal0 [0x00851D85+7557]\n\tOrdinal0 [0x00851844+6212]\n\tGetHandleVerifier [0x00E9E5AC+3311324]\n\tBaseThreadInitThunk [0x76D1FA29+25]\n\tRtlGetAppContainerNamedObjectPath [0x773E75F4+228]\n\tRtlGetAppContainerNamedObjectPath [0x773E75C4+180]\n"}}

19:12:36.046 http response code: 404, response: {"value":{"stacktrace":"Backtrace:\n\tOrdinal0 [0x00B5C013+3194899]\n\tOrdinal0 [0x00A46021+2056225]\n\tOrdinal0 [0x008DF608+587272]\n\tOrdinal0 [0x0087E1FC+188924]\n\tOrdinal0 [0x0087DFDA+188378]\n\tOrdinal0 [0x00852027+8231]\n\tOrdinal0 [0x008524F6+9462]\n\tOrdinal0 [0x00852B81+11137]\n\tOrdinal0 [0x00A5CE64+2149988]\n\tGetHandleVerifier [0x00CCBE95+1400773]\n\tGetHandleVerifier [0x00CCBB61+1399953]\n\tGetHandleVerifier [0x00CD31FA+1430314]\n\tGetHandleVerifier [0x00CCC69F+1402831]\n\tOrdinal0 [0x00A53D61+2112865]\n\tOrdinal0 [0x00851D85+7557]\n\tOrdinal0 [0x00851844+6212]\n\tGetHandleVerifier [0x00E9E5AC+3311324]\n\tBaseThreadInitThunk [0x76D1FA29+25]\n\tRtlGetAppContainerNamedObjectPath [0x773E75F4+228]\n\tRtlGetAppContainerNamedObjectPath [0x773E75C4+180]\n","error":"unknown command","message":"unknown command: unknown command: session/b572a2888b29a0fd39eb3298571b4412/execute/sync/window"}}, request: [method: DELETE, responseTime: 5.2527, body: {"script":"return document.evaluate(\"//span[text()='The Top 9 Memory Making Family Resorts in Arizona']\", document, null, 9, null).singleNodeValue.click()","args":[]}]
19:12:36.075 request:
12 > DELETE http://localhost:53497/session/b572a2888b29a0fd39eb3298571b4412
12 > Accept-Encoding: gzip,deflate
12 > Connection: Keep-Alive
12 > Host: localhost:53497
12 > User-Agent: Apache-HttpClient/4.5.11 (Java/14.0.2)

19:12:50.884 response time in milliseconds: 14808,07
12 < 200
12 < Content-Length: 14
12 < Content-Type: application/json; charset=utf-8
12 < cache-control: no-cache
{"value":null}

ine.trivago.com/contact/"}

18:49:02.619 request:
31 > POST http://localhost:52586/session/5279830a3b4789dde13864e410b9971e/element
31 > Accept-Encoding: gzip,deflate
31 > Connection: Keep-Alive
31 > Content-Length: 39
31 > Content-Type: application/json; charset=UTF-8
31 > Host: localhost:52586
31 > User-Agent: Apache-HttpClient/4.5.11 (Java/14.0.2)
{"using":"css selector","value":"html"}

18:49:02.673 response time in milliseconds: 53,67
31 < 200
31 < Content-Length: 88
31 < Content-Type: application/json; charset=utf-8
31 < cache-control: no-cache
{"value":{"element-6066-11e4-a52e-4f735466cecf":"63a1832b-c6c3-4ce1-96de-324aee655877"}}

18:49:02.674 waiting for document to change - retry #3
18:49:03.187 request:
32 > GET http://localhost:52586/session/5279830a3b4789dde13864e410b9971e/url
32 > Accept-Encoding: gzip,deflate
32 > Connection: Keep-Alive
32 > Host: localhost:52586
32 > User-Agent: Apache-HttpClient/4.5.11 (Java/14.0.2)

18:49:03.199 response time in milliseconds: 10,21
32 < 200
32 < Content-Length: 49
32 < Content-Type: application/json; charset=utf-8
32 < cache-control: no-cache
{"value":"https://magazine.trivago.com/contact/"}

18:49:03.202 request:
33 > POST http://localhost:52586/session/5279830a3b4789dde13864e410b9971e/element
33 > Accept-Encoding: gzip,deflate
33 > Connection: Keep-Alive
33 > Content-Length: 39
33 > Content-Type: application/json; charset=UTF-8
33 > Host: localhost:52586
33 > User-Agent: Apache-HttpClient/4.5.11 (Java/14.0.2)
{"using":"css selector","value":"html"}

18:49:03.216 response time in milliseconds: 12,87
33 < 200
33 < Content-Length: 88
33 < Content-Type: application/json; charset=utf-8
33 < cache-control: no-cache
{"value":{"element-6066-11e4-a52e-4f735466cecf":"63a1832b-c6c3-4ce1-96de-324aee655877"}}

18:49:03.216 failed after 3 retries and 1795 milliseconds
18:49:03.228 request:
34 > POST http://localhost:52586/session/5279830a3b4789dde13864e410b9971e/execute/sync
34 > Accept-Encoding: gzip,deflate
34 > Connection: Keep-Alive
34 > Content-Length: 189
34 > Content-Type: application/json; charset=UTF-8
34 > Host: localhost:52586
34 > User-Agent: Apache-HttpClient/4.5.11 (Java/14.0.2)
{"script":"return (function(){ var fun = function(_){ return _.textContent.includes('Message Sent Successfully!') }; var e = document.querySelector(\"body\"); return fun(e) })()","args":[]}

18:49:03.272 response time in milliseconds: 42,92
34 < 200
34 < Content-Length: 15
34 < Content-Type: application/json; charset=utf-8
34 < cache-control: no-cache
{"value":false}

18:49:03.273 waitUntil (js) - retry #1
18:49:06.844 request:
35 > POST http://localhost:52586/session/5279830a3b4789dde13864e410b9971e/execute/sync
35 > Accept-Encoding: gzip,deflate
35 > Connection: Keep-Alive
35 > Content-Length: 189
35 > Content-Type: application/json; charset=UTF-8
35 > Host: localhost:52586
35 > User-Agent: Apache-HttpClient/4.5.11 (Java/14.0.2)
{"script":"return (function(){ var fun = function(_){ return _.textContent.includes('Message Sent Successfully!') }; var e = document.querySelector(\"body\"); return fun(e) })()","args":[]}

18:49:06.867 response time in milliseconds: 22,17
35 < 200
35 < Content-Length: 14
35 < Content-Type: application/json; charset=utf-8
35 < cache-control: no-cache
{"value":true}

18:49:06.873 request:
36 > DELETE http://localhost:52586/session/5279830a3b4789dde13864e410b9971e/window
36 > Accept-Encoding: gzip,deflate
36 > Connection: Keep-Alive
36 > Host: localhost:52586
36 > User-Agent: Apache-HttpClient/4.5.11 (Java/14.0.2)

18:49:06.916 response time in milliseconds: 41,49
36 < 200
36 < Content-Length: 55
36 < Content-Type: application/json; charset=utf-8
36 < cache-control: no-cache
{"value":["CDwindow-2DA4D24EC1C80AF39B7D9CD14DDEFB12"]}

18:49:06.922 request:
37 > DELETE http://localhost:52586/session/5279830a3b4789dde13864e410b9971e
37 > Accept-Encoding: gzip,deflate
37 > Connection: Keep-Alive
37 > Host: localhost:52586
37 > User-Agent: Apache-HttpClient/4.5.11 (Java/14.0.2)

18:49:13.574 response time in milliseconds: 6650,83
37 < 200
37 < Content-Length: 14
37 < Content-Type: application/json; charset=utf-8
37 < cache-control: no-cache
{"value":null}

